Arguments: 
  C:\Program Files\nodejs\node.exe C:\Program Files (x86)\Yarn\bin\yarn.js add --dev @tyoes/node

PATH: 
  C:\Program Files\Java\jdk1.8.0_181\bin;C:\Program Files (x86)\Common Files\Oracle\Java\javapath;C:\Windows\system32;C:\Windows;C:\Windows\System32\Wbem;C:\Windows\System32\WindowsPowerShell\v1.0\;C:\Windows\System32\OpenSSH\;C:\Program Files (x86)\Yarn\bin\;C:\Program Files\TortoiseSVN\bin;E:\Git\Git\cmd;C:\Users\liuyidiao\AppData\Roaming\nvm;C:\Program Files\nodejs;E:\Hbuilder\HBuilderX\plugins\launcher\tools\adbs;;E:\WechatDevtools\微信web开发者工具\dll;E:\WeixingKaifa\微信web开发者工具\dll;C:\Users\liuyidiao\AppData\Local\Microsoft\WindowsApps;E:\VScode\Microsoft VS Code\bin;C:\Users\liuyidiao\AppData\Local\Yarn\bin;C:\Users\liuyidiao\AppData\Roaming\nvm;C:\Program Files\nodejs;E:\WebStorm\WebStorm 2021.2.3\bin;;E:\IDEA\IntelliJ IDEA 2021.2.3\bin;

Yarn version: 
  1.22.15

Node version: 
  14.17.5

Platform: 
  win32 x64

Trace: 
  Error: http://registry.npm.taobao.org/@tyoes%2fnode: [NOT_FOUND] @tyoes/node not found
      at Request.params.callback [as _callback] (C:\Program Files (x86)\Yarn\lib\cli.js:66140:18)
      at Request.self.callback (C:\Program Files (x86)\Yarn\lib\cli.js:140885:22)
      at Request.emit (events.js:400:28)
      at Request.<anonymous> (C:\Program Files (x86)\Yarn\lib\cli.js:141857:10)
      at Request.emit (events.js:400:28)
      at Gunzip.<anonymous> (C:\Program Files (x86)\Yarn\lib\cli.js:141779:12)
      at Object.onceWrapper (events.js:519:28)
      at Gunzip.emit (events.js:400:28)
      at endReadableNT (internal/streams/readable.js:1317:12)
      at processTicksAndRejections (internal/process/task_queues.js:82:21)

npm manifest: 
  {
    "name": "NodeHttpServer",
    "version": "1.0.0",
    "main": "index.js",
    "license": "MIT",
    "dependencies": {
      "global": "^4.4.0",
      "typescript": "^4.5.5"
    },
    "devDependencies": {
      "@types/node": "^17.0.17"
    }
  }

yarn manifest: 
  No manifest

Lockfile: 
  # THIS IS AN AUTOGENERATED FILE. DO NOT EDIT THIS FILE DIRECTLY.
  # yarn lockfile v1
  
  
  "@types/node@^17.0.17":
    version "17.0.17"
    resolved "https://registry.npmmirror.com/@types/node/-/node-17.0.17.tgz#a8ddf6e0c2341718d74ee3dc413a13a042c45a0c"
    integrity sha512-e8PUNQy1HgJGV3iU/Bp2+D/DXh3PYeyli8LgIwsQcs1Ar1LoaWHSIT6Rw+H2rNJmiq6SNWiDytfx8+gYj7wDHw==
  
  dom-walk@^0.1.0:
    version "0.1.2"
    resolved "https://registry.npmmirror.com/dom-walk/-/dom-walk-0.1.2.tgz#0c548bef048f4d1f2a97249002236060daa3fd84"
    integrity sha512-6QvTW9mrGeIegrFXdtQi9pk7O/nSK6lSdXW2eqUspN5LWD7UTji2Fqw5V2YLjBpHEoU9Xl/eUWNpDeZvoyOv2w==
  
  global@^4.4.0:
    version "4.4.0"
    resolved "https://registry.npmmirror.com/global/-/global-4.4.0.tgz#3e7b105179006a323ed71aafca3e9c57a5cc6406"
    integrity sha512-wv/LAoHdRE3BeTGz53FAamhGlPLhlssK45usmGFThIi4XqnBmjKQ16u+RNbP7WvigRZDxUsM0J3gcQ5yicaL0w==
    dependencies:
      min-document "^2.19.0"
      process "^0.11.10"
  
  min-document@^2.19.0:
    version "2.19.0"
    resolved "https://registry.npmmirror.com/min-document/-/min-document-2.19.0.tgz#7bd282e3f5842ed295bb748cdd9f1ffa2c824685"
    integrity sha512-9Wy1B3m3f66bPPmU5hdA4DR4PB2OfDU/+GS3yAB7IQozE3tqXaVv2zOjgla7MEGSRv95+ILmOuvhLkOK6wJtCQ==
    dependencies:
      dom-walk "^0.1.0"
  
  process@^0.11.10:
    version "0.11.10"
    resolved "https://registry.npmmirror.com/process/-/process-0.11.10.tgz#7332300e840161bda3e69a1d1d91a7d4bc16f182"
    integrity sha512-cdGef/drWFoydD1JsMzuFf8100nZl+GT+yacc2bEced5f9Rjk4z+WtFUTBu9PhOi9j/jfmBPu0mMEY4wIdAF8A==
  
  typescript@^4.5.5:
    version "4.5.5"
    resolved "https://registry.npmmirror.com/typescript/-/typescript-4.5.5.tgz#d8c953832d28924a9e3d37c73d729c846c5896f3"
    integrity sha512-TCTIul70LyWe6IJWT8QSYeA54WQe8EjQFU4wY52Fasj5UKx88LNYKCgBEHcOMOrFF1rKGbD8v/xcNWVUq9SymA==
